[19:50:00] [CanaryMod] [INFO]: Starting: CanaryMod 1.7.10-1.1.3
[19:50:00] [CanaryMod] [INFO]: Canary Path: /Users/samf/Sites/525canary/server/CanaryMod.jar & Working From: /Users/samf/Sites/525canary/server
[19:50:00] [CanaryMod] [INFO]: Registered xml Database
[19:50:00] [CanaryMod] [INFO]: Found 0 plugins; total: 0
[19:50:00] [net.minecraft.server.dedicated.DedicatedServer] [INFO]: Starting minecraft server version 1.7.10
[19:50:00] [net.minecraft.server.dedicated.DedicatedServer] [INFO]: Loading properties
[19:50:00] [net.minecraft.server.dedicated.DedicatedServer] [INFO]: Generating keypair
[19:50:01] [net.minecraft.server.dedicated.DedicatedServer] [INFO]: Starting Minecraft server on *:25565
[19:50:01] [CanaryMod] [INFO]: Could not find the world configuration for default_NORMAL at config/worlds/default, creating default.
[19:50:02] [CanaryMod] [INFO]: Enabling Plugins...
[19:50:02] [net.minecraft.server.MinecraftServer] [INFO]: Preparing start region for level default
[19:50:03] [net.minecraft.server.MinecraftServer] [INFO]: Preparing spawn area: 7%
[19:50:04] [net.minecraft.server.MinecraftServer] [INFO]: Preparing spawn area: 18%
[19:50:05] [net.minecraft.server.MinecraftServer] [INFO]: Preparing spawn area: 30%
[19:50:06] [net.minecraft.server.MinecraftServer] [INFO]: Preparing spawn area: 44%
[19:50:07] [net.minecraft.server.MinecraftServer] [INFO]: Preparing spawn area: 58%
[19:50:08] [net.minecraft.server.MinecraftServer] [INFO]: Preparing spawn area: 70%
[19:50:09] [net.minecraft.server.MinecraftServer] [INFO]: Preparing spawn area: 86%
[19:50:10] [net.minecraft.server.dedicated.DedicatedServer] [INFO]: Done (9.363s)! For help, type "help" or "?"
[19:50:48] [CanaryMod] [INFO]: ¤7[SERVER] Opped knowles_satrick
[19:56:43] [net.minecraft.server.network.NetHandlerLoginServer] [INFO]: UUID of player knowles_satrick is 3b11c4f8-992d-4c4d-b862-9a2438188dda
[19:56:43] [net.minecraft.server.management.ServerConfigurationManager] [INFO]: knowles_satrick[/127.0.0.1:65193] logged in with entity id 2965 at (99.5, 68.0, 254.5)
[19:56:43] [net.minecraft.server.MinecraftServer] [INFO]: knowles_satrick joined the game
[19:57:00] [net.minecraft.server.MinecraftServer] [INFO]: knowles_satrick has just earned the achievement [Taking Inventory]
[19:57:52] [net.minecraft.network.NetHandlerPlayServer] [INFO]: knowles_satrick lost connection: TextComponent{text='Disconnected', siblings=[], style=Style{hasParent=false, color=null, bold=null, italic=null, underlined=null, obfuscated=null, clickEvent=null, hoverEvent=null}}
[19:57:52] [net.minecraft.server.MinecraftServer] [INFO]: knowles_satrick left the game
[19:58:03] [CanaryMod] [INFO]: Available commands (Page 1 of 8 ) <>
[19:58:03] [CanaryMod] [INFO]: [achievement] - Gives a player an achievement or increases a statistic.
[19:58:03] [CanaryMod] [INFO]: [ban] - ban info
[19:58:03] [CanaryMod] [INFO]: [canarymod, version] - CanaryMod Information
[19:58:03] [CanaryMod] [INFO]: [clear, clearinventory, clearinv] - Clears items from player inventory.
[19:58:03] [CanaryMod] [INFO]: [compass] - compass info
[19:58:03] [CanaryMod] [INFO]: [createvanilla, makevanilla] - makevanilla info
[19:58:03] [CanaryMod] [INFO]: [createworld] - creates a world
[19:58:03] [CanaryMod] [INFO]: [debug] - Starts or stops a debugging session.
[19:58:03] [CanaryMod] [INFO]: [defaultgamemode, defaultmode] - Sets the default game mode (creative, survival, etc.) for new players entering a multiplayer server.
[19:58:03] [CanaryMod] [INFO]: [deleteworld] - Deletes a world
[19:58:03] [CanaryMod] [INFO]: [delwarp, removewarp] - delwarp info
[19:58:03] [CanaryMod] [INFO]: [deop] - Takes Op from a Player
[19:58:03] [CanaryMod] [INFO]: [difficulty] - Sets the difficulty level (peaceful, easy, etc.).
[19:58:25] [net.minecraft.server.MinecraftServer] [INFO]: Unknown command. Try /help for a list of commands
[19:58:28] [net.minecraft.server.MinecraftServer] [INFO]: Unknown command. Try /help for a list of commands
[19:58:32] [CanaryMod] [INFO] [NOTICE]: Console issued a manual shutdown
[19:58:32] [net.minecraft.server.MinecraftServer] [INFO]: Stopping server
[19:58:32] [net.minecraft.server.MinecraftServer] [INFO]: Saving players
[19:58:32] [net.minecraft.server.MinecraftServer] [INFO]: Saving worlds
[19:58:32] [net.minecraft.server.MinecraftServer] [INFO]: Saving chunks for level 'default'/Overworld
[19:58:32] [CanaryMod] [INFO]: Disabling Plugins ...
